\BOOKMARK [0][-]{chapter.1}{Coming to Terms}{}% 1
\BOOKMARK [1][-]{section.1.1}{Understanding Manifestos}{chapter.1}% 2
\BOOKMARK [1][-]{section.1.2}{Understanding ``Hackers''}{chapter.1}% 3
\BOOKMARK [0][-]{chapter.2}{Computer Networking Timeline}{}% 4
\BOOKMARK [1][-]{section.2.1}{Internet Adoption}{chapter.2}% 5
\BOOKMARK [1][-]{section.2.2}{Internet Timeline}{chapter.2}% 6
\BOOKMARK [0][-]{chapter.3}{1986: The Hacker Manifesto \(The Mentor\)}{}% 7
\BOOKMARK [1][-]{section.3.1}{Preface}{chapter.3}% 8
\BOOKMARK [1][-]{section.3.2}{The Conscience of a Hacker}{chapter.3}% 9
\BOOKMARK [0][-]{chapter.4}{Mid 1988: Crypto Anarchist Manifesto \(Timothy C. May\)}{}% 10
\BOOKMARK [0][-]{chapter.5}{1993: A Cypherpunk's Manifesto \(Eric Hughes\)}{}% 11
\BOOKMARK [0][-]{chapter.6}{1995: Manifesto for Bad Subjects in Cyberspace}{}% 12
\BOOKMARK [1][-]{section.6.1}{Preface}{chapter.6}% 13
\BOOKMARK [1][-]{section.6.2}{Body}{chapter.6}% 14
\BOOKMARK [0][-]{chapter.7}{1996: A Declaration of the Independence of Cyberspace \(John Perry Barlow\)}{}% 15
\BOOKMARK [0][-]{chapter.8}{1997: A Cyberpunk Manifesto \(Christian As. Kirtchev\)}{}% 16
\BOOKMARK [1][-]{section.8.1}{Cyberpunk}{chapter.8}% 17
\BOOKMARK [1][-]{section.8.2}{Society}{chapter.8}% 18
\BOOKMARK [1][-]{section.8.3}{The System}{chapter.8}% 19
\BOOKMARK [1][-]{section.8.4}{The vision}{chapter.8}% 20
\BOOKMARK [1][-]{section.8.5}{Where are we ?}{chapter.8}% 21
\BOOKMARK [0][-]{chapter.9}{2001: Hacktivismo Declaration}{}% 22
\BOOKMARK [1][-]{section.9.1}{Press Release}{chapter.9}% 23
\BOOKMARK [1][-]{section.9.2}{The Hacktivismo Declaration}{chapter.9}% 24
\BOOKMARK [0][-]{chapter.10}{A Cyberpunk Manifesto v2.0 \(Christian As. Kirtchev\)}{}% 25
\BOOKMARK [1][-]{section.10.1}{Cyberpunk}{chapter.10}% 26
\BOOKMARK [1][-]{section.10.2}{Society}{chapter.10}% 27
\BOOKMARK [1][-]{section.10.3}{The System}{chapter.10}% 28
\BOOKMARK [1][-]{section.10.4}{The Media}{chapter.10}% 29
\BOOKMARK [1][-]{section.10.5}{Where are we?}{chapter.10}% 30
\BOOKMARK [0][-]{chapter.11}{2006: The Wikileaks Manifesto \(Julian Assange\)}{}% 31
\BOOKMARK [1][-]{section.11.1}{Purpose}{chapter.11}% 32
\BOOKMARK [1][-]{section.11.2}{Introduction}{chapter.11}% 33
\BOOKMARK [1][-]{section.11.3}{Conspiracy as governance in authoritarian regimes}{chapter.11}% 34
\BOOKMARK [1][-]{section.11.4}{Terrorist conspiracies as connected graphs}{chapter.11}% 35
\BOOKMARK [1][-]{section.11.5}{Separating a conspiracy}{chapter.11}% 36
\BOOKMARK [1][-]{section.11.6}{Some conspirators dance closer than others}{chapter.11}% 37
\BOOKMARK [1][-]{section.11.7}{Conspiracies are cognitive devices. They are able to out think the same group of individuals acting alone}{chapter.11}% 38
\BOOKMARK [1][-]{section.11.8}{Decieving Conspiracies}{chapter.11}% 39
\BOOKMARK [1][-]{section.11.9}{What does a conspiracy compute? It computes the next action of the conspiracy}{chapter.11}% 40
\BOOKMARK [1][-]{section.11.10}{Can we find a value that describes the power of a conspiracy?}{chapter.11}% 41
\BOOKMARK [1][-]{section.11.11}{Total conspiratorial power}{chapter.11}% 42
\BOOKMARK [1][-]{section.11.12}{If total conspiratorial power is zero, there is no conspiracy}{chapter.11}% 43
\BOOKMARK [1][-]{section.11.13}{Separating weighted conspiracies}{chapter.11}% 44
\BOOKMARK [1][-]{section.11.14}{Throttling weighted conspiracies}{chapter.11}% 45
\BOOKMARK [1][-]{section.11.15}{Attacks on conspiratorial cognitive ability}{chapter.11}% 46
\BOOKMARK [1][-]{section.11.16}{Traditional vs. modern conspiracies}{chapter.11}% 47
\BOOKMARK [1][-]{section.11.17}{An authoritarian conspiracy that cannot think is powerless to preserve itself against the opponents it induces}{chapter.11}% 48
\BOOKMARK [0][-]{chapter.12}{2007: A Cyberpunk Manifesto v3.0}{}% 49
\BOOKMARK [1][-]{section.12.1}{Introduction}{chapter.12}% 50
\BOOKMARK [1][-]{section.12.2}{Vision}{chapter.12}% 51
\BOOKMARK [1][-]{section.12.3}{Technology}{chapter.12}% 52
\BOOKMARK [1][-]{section.12.4}{History}{chapter.12}% 53
\BOOKMARK [1][-]{section.12.5}{Freedom}{chapter.12}% 54
\BOOKMARK [0][-]{chapter.13}{2008: Guerilla Open Access Manifesto \(Aaron Swartz\)}{}% 55
\BOOKMARK [0][-]{chapter.14}{2010: A Biopunk Manifesto \(Meredith L. Patterson\)}{}% 56
\BOOKMARK [0][-]{chapter.15}{2010: The Hardware Hacker Manifesto \(Cody Brocious\)}{}% 57
\BOOKMARK [1][-]{section.15.1}{Preface}{chapter.15}% 58
\BOOKMARK [1][-]{section.15.2}{The Hardware Hacker Manifesto}{chapter.15}% 59
\BOOKMARK [0][-]{chapter.16}{2011: A Cyberpunk Manifesto \(Transceiverfreq\)}{}% 60
\BOOKMARK [1][-]{section.16.1}{The Kanisza Triangle}{chapter.16}% 61
\BOOKMARK [1][-]{section.16.2}{READ}{chapter.16}% 62
\BOOKMARK [1][-]{section.16.3}{WE ASSERT:}{chapter.16}% 63
\BOOKMARK [1][-]{section.16.4}{WE:}{chapter.16}% 64
\BOOKMARK [1][-]{section.16.5}{ADVICE \(\330\):}{chapter.16}% 65
\BOOKMARK [0][-]{chapter.17}{2011: ONE HALF A MANIFESTO \(Jaron Lanier\)}{}% 66
\BOOKMARK [1][-]{section.17.1}{Introduction}{chapter.17}% 67
\BOOKMARK [1][-]{section.17.2}{One Half a Manifesto}{chapter.17}% 68
\BOOKMARK [0][-]{chapter.18}{2013: The Open Source Everything Manifesto \(Robert David Steele\)}{}% 69
\BOOKMARK [0][-]{chapter.19}{2011-2014: The Critical Engineering Manifesto \(CE Working Group\)}{}% 70
\BOOKMARK [0][-]{chapter.20}{2014: A Privacy Engineer\220s Manifesto \040Michelle Finneran Dennedy; Jonathan Fox; Thomas R. Finneran. Copyright 2014 Apress }{}% 71
\BOOKMARK [1][-]{section.20.1}{Data about people is valuable in and of itself.}{chapter.20}% 72
\BOOKMARK [1][-]{section.20.2}{A privacy engineer needs more than just technical skills to protect and extend the value of data.}{chapter.20}% 73
\BOOKMARK [1][-]{section.20.3}{A privacy engineer draws from artistic creativity and expression to innovate and communicate.}{chapter.20}% 74
\BOOKMARK [1][-]{section.20.4}{A privacy engineer learns from, but disregards, the failures of the past.}{chapter.20}% 75
\BOOKMARK [1][-]{section.20.5}{We are all privacy engineers.}{chapter.20}% 76
\BOOKMARK [1][-]{section.20.6}{For the privacy engineer, with the mantra to innovate comes the mantra to do no harm.}{chapter.20}% 77
\BOOKMARK [1][-]{section.20.7}{Innovation and complexity need not be the adversary of privacy engineering, although failure of imagination may be.}{chapter.20}% 78
\BOOKMARK [1][-]{section.20.8}{The privacy engineer must be able to understand, calculate, mitigate, and accept risk.}{chapter.20}% 79
\BOOKMARK [1][-]{section.20.9}{Privacy engineering happens inside and outside of code.}{chapter.20}% 80
\BOOKMARK [1][-]{section.20.10}{A privacy engineer needs to differentiate between bad ideas and bad implementations.}{chapter.20}% 81
\BOOKMARK [0][-]{chapter.21}{2015: New Clues \(Searls and Weinberger\)}{}% 82
\BOOKMARK [1][-]{section.21.1}{Preface}{chapter.21}% 83
\BOOKMARK [1][-]{section.21.2}{Hear, O Internet.}{chapter.21}% 84
\BOOKMARK [1][-]{section.21.3}{Once were we young in the Garden...}{chapter.21}% 85
\BOOKMARK [1][-]{section.21.4}{Afterword}{chapter.21}% 86
\BOOKMARK [1][-]{section.21.5}{About}{chapter.21}% 87
\BOOKMARK [0][-]{chapter.22}{Anti-Sec Manifesto}{}% 88
\BOOKMARK [0][-]{chapter.23}{Happy Hacking 2015 Manifesto}{}% 89
\BOOKMARK [1][-]{section.23.1}{Preface}{chapter.23}% 90
\BOOKMARK [1][-]{section.23.2}{Body}{chapter.23}% 91
\BOOKMARK [0][-]{chapter.24}{<THE::CYBER.COM/MUNIST::MANIFESTO> \(Richard Barbrook\)}{}% 92
\BOOKMARK [1][-]{section.24.1}{Preface}{chapter.24}% 93
\BOOKMARK [1][-]{section.24.2}{Body}{chapter.24}% 94
\BOOKMARK [0][-]{chapter.25}{1849: Civil Disobedience \(Henry David Thoreau\)}{}% 95
\BOOKMARK [0][-]{chapter.26}{Additional Resources}{}% 96
\BOOKMARK [0][-]{chapter.27}{References}{}% 97
\BOOKMARK [0][-]{section*.3}{Index}{}% 98
